  main.cpp
C:\Users\Banico\Desktop\Classic Chess\Classic Chess\SDL_BaseHandler.h(2,10): fatal error C1083: Cannot open include file: 'SDL.h': No such file or directory
  MainLoop.cpp
C:\Users\Banico\Desktop\Classic Chess\Classic Chess\SDL_BaseHandler.h(2,10): fatal error C1083: Cannot open include file: 'SDL.h': No such file or directory
  Queen.cpp
C:\Users\Banico\Desktop\Classic Chess\Classic Chess\SDL_BaseHandler.h(2,10): fatal error C1083: Cannot open include file: 'SDL.h': No such file or directory
  Bishop.cpp
C:\Users\Banico\Desktop\Classic Chess\Classic Chess\SDL_BaseHandler.h(2,10): fatal error C1083: Cannot open include file: 'SDL.h': No such file or directory
  Game.cpp
C:\Users\Banico\Desktop\Classic Chess\Classic Chess\SDL_BaseHandler.h(2,10): fatal error C1083: Cannot open include file: 'SDL.h': No such file or directory
  King.cpp
C:\Users\Banico\Desktop\Classic Chess\Classic Chess\SDL_BaseHandler.h(2,10): fatal error C1083: Cannot open include file: 'SDL.h': No such file or directory
  Knight.cpp
C:\Users\Banico\Desktop\Classic Chess\Classic Chess\SDL_BaseHandler.h(2,10): fatal error C1083: Cannot open include file: 'SDL.h': No such file or directory
  Pawn.cpp
C:\Users\Banico\Desktop\Classic Chess\Classic Chess\SDL_BaseHandler.h(2,10): fatal error C1083: Cannot open include file: 'SDL.h': No such file or directory
  Piece.cpp
C:\Users\Banico\Desktop\Classic Chess\Classic Chess\SDL_BaseHandler.h(2,10): fatal error C1083: Cannot open include file: 'SDL.h': No such file or directory
  Rook.cpp
C:\Users\Banico\Desktop\Classic Chess\Classic Chess\SDL_BaseHandler.h(2,10): fatal error C1083: Cannot open include file: 'SDL.h': No such file or directory
  SDL_BaseHandler.cpp
C:\Users\Banico\Desktop\Classic Chess\Classic Chess\SDL_BaseHandler.h(2,10): fatal error C1083: Cannot open include file: 'SDL.h': No such file or directory
